<?xml version="1.0" encoding="UTF-8"?>
<testng-results ignored="0" total="5" passed="5" failed="0" skipped="0">
  <reporter-output>
  </reporter-output>
  <suite started-at="2025-04-23T17:39:32 EET" name="Default suite" finished-at="2025-04-23T17:39:44 EET" duration-ms="11746">
    <groups>
    </groups>
    <test started-at="2025-04-23T17:39:32 EET" name="Default test" finished-at="2025-04-23T17:39:44 EET" duration-ms="11746">
      <class name="project2.Pro2">
        <test-method is-config="true" signature="mySetup()[pri:0, instance:project2.Pro2@2f4948e4]" started-at="2025-04-23T17:39:32 EET" name="mySetup" finished-at="2025-04-23T17:39:39 EET" duration-ms="6734" status="PASS">
          <reporter-output>
          </reporter-output>
        </test-method> <!-- mySetup -->
        <test-method signature="login()[pri:1, instance:project2.Pro2@2f4948e4]" started-at="2025-04-23T17:39:39 EET" name="login" finished-at="2025-04-23T17:39:40 EET" duration-ms="529" status="PASS">
          <reporter-output>
          </reporter-output>
        </test-method> <!-- login -->
        <test-method signature="addAllItems()[pri:2, instance:project2.Pro2@2f4948e4]" started-at="2025-04-23T17:39:40 EET" name="addAllItems" finished-at="2025-04-23T17:39:40 EET" duration-ms="543" status="PASS">
          <reporter-output>
          </reporter-output>
        </test-method> <!-- addAllItems -->
        <test-method signature="removeItemFromTheCart()[pri:3, instance:project2.Pro2@2f4948e4]" started-at="2025-04-23T17:39:40 EET" name="removeItemFromTheCart" finished-at="2025-04-23T17:39:40 EET" duration-ms="120" status="PASS">
          <reporter-output>
          </reporter-output>
        </test-method> <!-- removeItemFromTheCart -->
        <test-method signature="Task()[pri:4, instance:project2.Pro2@2f4948e4]" started-at="2025-04-23T17:39:40 EET" name="Task" finished-at="2025-04-23T17:39:40 EET" duration-ms="89" status="PASS">
          <reporter-output>
          </reporter-output>
        </test-method> <!-- Task -->
        <test-method signature="logout()[pri:5, instance:project2.Pro2@2f4948e4]" started-at="2025-04-23T17:39:40 EET" name="logout" finished-at="2025-04-23T17:39:43 EET" duration-ms="2254" status="PASS">
          <reporter-output>
          </reporter-output>
        </test-method> <!-- logout -->
        <test-method is-config="true" signature="myAfterTest()[pri:0, instance:project2.Pro2@2f4948e4]" started-at="2025-04-23T17:39:43 EET" name="myAfterTest" finished-at="2025-04-23T17:39:44 EET" duration-ms="1374" status="PASS">
          <reporter-output>
          </reporter-output>
        </test-method> <!-- myAfterTest -->
      </class> <!-- project2.Pro2 -->
    </test> <!-- Default test -->
  </suite> <!-- Default suite -->
</testng-results>
